2023/12/17 21:24:20 [notice] 1#1: using the "epoll" event method
2023/12/17 21:24:20 [notice] 1#1: nginx/1.25.3
2023/12/17 21:24:20 [notice] 1#1: built by gcc 12.2.0 (Debian 12.2.0-14) 
2023/12/17 21:24:20 [notice] 1#1: OS: Linux 5.15.133.1-microsoft-standard-WSL2
2023/12/17 21:24:20 [notice] 1#1: getrlimit(RLIMIT_NOFILE): 1048576:1048576
2023/12/17 21:24:20 [notice] 1#1: start worker processes
2023/12/17 21:24:20 [notice] 1#1: start worker process 20
2023/12/17 21:24:20 [notice] 1#1: start worker process 21
2023/12/17 21:24:20 [notice] 1#1: start worker process 22
2023/12/17 21:24:20 [notice] 1#1: start worker process 23
2023/12/17 21:24:20 [notice] 1#1: start worker process 24
2023/12/17 21:24:20 [notice] 1#1: start worker process 25
2023/12/17 21:24:20 [notice] 1#1: start worker process 26
2023/12/17 21:24:20 [notice] 1#1: start worker process 27
2023/12/17 21:24:20 [notice] 1#1: start worker process 28
2023/12/17 21:24:20 [notice] 1#1: start worker process 29
2023/12/17 21:24:20 [notice] 1#1: start worker process 30
2023/12/17 21:24:20 [notice] 1#1: start worker process 31
2023/12/17 21:26:23 [error] 20#20: *1 open() "/usr/share/nginx/html/favicon.ico" failed (2: No such file or directory), client: 172.18.0.1, server: localhost, request: "GET /favicon.ico HTTP/1.1", host: "localhost", referrer: "http://localhost/"
2023/12/21 12:15:15 [notice] 1#1: signal 3 (SIGQUIT) received, shutting down
2023/12/21 12:15:25 [notice] 27#27: gracefully shutting down
2023/12/21 12:15:27 [notice] 21#21: gracefully shutting down
2023/12/21 12:15:26 [notice] 29#29: gracefully shutting down
2023/12/21 12:15:26 [notice] 25#25: gracefully shutting down
2023/12/21 12:15:26 [notice] 20#20: gracefully shutting down
2023/12/21 12:15:26 [notice] 20#20: exiting
2023/12/21 12:15:27 [notice] 26#26: gracefully shutting down
2023/12/21 12:15:26 [notice] 31#31: gracefully shutting down
2023/12/21 12:15:28 [notice] 30#30: gracefully shutting down
2023/12/21 12:15:28 [notice] 23#23: gracefully shutting down
2023/12/21 12:15:27 [notice] 22#22: gracefully shutting down
2023/12/21 12:15:27 [notice] 24#24: gracefully shutting down
2023/12/21 12:15:27 [notice] 28#28: gracefully shutting down
2023/12/21 12:15:25 [notice] 27#27: exiting
2023/12/21 12:15:27 [notice] 21#21: exiting
2023/12/21 12:15:26 [notice] 29#29: exiting
2023/12/21 12:15:26 [notice] 25#25: exiting
2023/12/21 12:59:19 [notice] 1#1: using the "epoll" event method
2023/12/21 12:59:19 [notice] 1#1: nginx/1.25.3
2023/12/21 12:59:19 [notice] 1#1: built by gcc 12.2.0 (Debian 12.2.0-14) 
2023/12/21 12:59:19 [notice] 1#1: OS: Linux 5.15.133.1-microsoft-standard-WSL2
2023/12/21 12:59:19 [notice] 1#1: getrlimit(RLIMIT_NOFILE): 1048576:1048576
2023/12/21 12:59:19 [notice] 1#1: start worker processes
2023/12/21 12:59:19 [notice] 1#1: start worker process 20
2023/12/21 12:59:19 [notice] 1#1: start worker process 21
2023/12/21 12:59:19 [notice] 1#1: start worker process 22
2023/12/21 12:59:19 [notice] 1#1: start worker process 23
2023/12/21 12:59:19 [notice] 1#1: start worker process 24
2023/12/21 12:59:19 [notice] 1#1: start worker process 25
2023/12/21 12:59:19 [notice] 1#1: start worker process 26
2023/12/21 12:59:19 [notice] 1#1: start worker process 27
2023/12/21 12:59:19 [notice] 1#1: start worker process 28
2023/12/21 12:59:19 [notice] 1#1: start worker process 29
2023/12/21 12:59:19 [notice] 1#1: start worker process 30
2023/12/21 12:59:19 [notice] 1#1: start worker process 31
2023/12/21 13:10:42 [notice] 1#1: signal 3 (SIGQUIT) received, shutting down
2023/12/21 13:10:42 [notice] 21#21: gracefully shutting down
2023/12/21 13:10:42 [notice] 20#20: gracefully shutting down
2023/12/21 13:10:42 [notice] 23#23: gracefully shutting down
2023/12/21 13:10:42 [notice] 22#22: gracefully shutting down
2023/12/21 13:10:42 [notice] 24#24: gracefully shutting down
2023/12/21 13:10:42 [notice] 31#31: gracefully shutting down
2023/12/21 13:10:42 [notice] 21#21: exiting
2023/12/21 13:10:42 [notice] 26#26: gracefully shutting down
2023/12/21 13:10:42 [notice] 28#28: gracefully shutting down
2023/12/21 13:10:42 [notice] 30#30: gracefully shutting down
2023/12/21 13:10:42 [notice] 20#20: exiting
2023/12/21 13:10:42 [notice] 23#23: exiting
2023/12/21 13:10:42 [notice] 20#20: exit
2023/12/21 13:10:42 [notice] 25#25: gracefully shutting down
2023/12/21 13:10:42 [notice] 30#30: exiting
2023/12/21 13:10:42 [notice] 27#27: gracefully shutting down
2023/12/21 13:10:42 [notice] 29#29: gracefully shutting down
2023/12/21 13:10:42 [notice] 22#22: exiting
2023/12/21 13:10:42 [notice] 21#21: exit
2023/12/21 13:10:42 [notice] 31#31: exiting
2023/12/21 13:10:42 [notice] 24#24: exiting
2023/12/21 13:10:42 [notice] 28#28: exiting
2023/12/21 13:10:42 [notice] 29#29: exiting
2023/12/21 13:10:42 [notice] 26#26: exiting
2023/12/21 13:10:42 [notice] 23#23: exit
2023/12/21 13:10:42 [notice] 30#30: exit
2023/12/21 13:10:42 [notice] 25#25: exiting
2023/12/21 13:10:42 [notice] 22#22: exit
2023/12/21 13:10:42 [notice] 31#31: exit
2023/12/21 13:10:42 [notice] 24#24: exit
2023/12/21 13:10:42 [notice] 27#27: exiting
2023/12/21 13:10:42 [notice] 28#28: exit
2023/12/21 13:10:42 [notice] 26#26: exit
2023/12/21 13:10:42 [notice] 29#29: exit
2023/12/21 13:10:42 [notice] 25#25: exit
2023/12/21 13:10:42 [notice] 27#27: exit
2023/12/21 13:10:42 [notice] 1#1: signal 17 (SIGCHLD) received from 26
2023/12/21 13:10:42 [notice] 1#1: worker process 26 exited with code 0
2023/12/21 13:10:42 [notice] 1#1: worker process 24 exited with code 0
2023/12/21 13:10:42 [notice] 1#1: worker process 30 exited with code 0
2023/12/21 13:10:42 [notice] 1#1: signal 29 (SIGIO) received
2023/12/21 13:10:42 [notice] 1#1: signal 17 (SIGCHLD) received from 30
2023/12/21 13:10:42 [notice] 1#1: signal 17 (SIGCHLD) received from 25
2023/12/21 13:10:42 [notice] 1#1: worker process 25 exited with code 0
2023/12/21 13:10:42 [notice] 1#1: signal 29 (SIGIO) received
2023/12/21 13:10:42 [notice] 1#1: signal 17 (SIGCHLD) received from 29
2023/12/21 13:10:42 [notice] 1#1: worker process 20 exited with code 0
2023/12/21 13:10:42 [notice] 1#1: worker process 21 exited with code 0
2023/12/21 13:10:42 [notice] 1#1: worker process 22 exited with code 0
2023/12/21 13:10:42 [notice] 1#1: worker process 23 exited with code 0
2023/12/21 13:10:42 [notice] 1#1: worker process 27 exited with code 0
2023/12/21 13:10:42 [notice] 1#1: worker process 28 exited with code 0
2023/12/21 13:10:42 [notice] 1#1: worker process 29 exited with code 0
2023/12/21 13:10:42 [notice] 1#1: worker process 31 exited with code 0
2023/12/21 13:10:42 [notice] 1#1: exit
2023/12/21 13:18:40 [notice] 1#1: using the "epoll" event method
2023/12/21 13:18:40 [notice] 1#1: nginx/1.25.3
2023/12/21 13:18:40 [notice] 1#1: built by gcc 12.2.0 (Debian 12.2.0-14) 
2023/12/21 13:18:40 [notice] 1#1: OS: Linux 5.15.133.1-microsoft-standard-WSL2
2023/12/21 13:18:40 [notice] 1#1: getrlimit(RLIMIT_NOFILE): 1048576:1048576
2023/12/21 13:18:40 [notice] 1#1: start worker processes
2023/12/21 13:18:40 [notice] 1#1: start worker process 20
2023/12/21 13:18:40 [notice] 1#1: start worker process 21
2023/12/21 13:18:40 [notice] 1#1: start worker process 22
2023/12/21 13:18:40 [notice] 1#1: start worker process 23
2023/12/21 13:18:40 [notice] 1#1: start worker process 24
2023/12/21 13:18:40 [notice] 1#1: start worker process 25
2023/12/21 13:18:40 [notice] 1#1: start worker process 26
2023/12/21 13:18:40 [notice] 1#1: start worker process 27
2023/12/21 13:18:40 [notice] 1#1: start worker process 28
2023/12/21 13:18:40 [notice] 1#1: start worker process 29
2023/12/21 13:18:40 [notice] 1#1: start worker process 30
2023/12/21 13:18:40 [notice] 1#1: start worker process 31
2023/12/21 13:32:10 [notice] 1#1: signal 3 (SIGQUIT) received, shutting down
2023/12/21 13:32:10 [notice] 21#21: gracefully shutting down
2023/12/21 13:32:10 [notice] 23#23: gracefully shutting down
2023/12/21 13:32:10 [notice] 26#26: gracefully shutting down
2023/12/21 13:32:10 [notice] 27#27: gracefully shutting down
2023/12/21 13:32:10 [notice] 30#30: gracefully shutting down
2023/12/21 13:32:10 [notice] 29#29: gracefully shutting down
2023/12/21 13:32:10 [notice] 24#24: gracefully shutting down
2023/12/21 13:32:10 [notice] 20#20: gracefully shutting down
2023/12/21 13:32:10 [notice] 25#25: gracefully shutting down
2023/12/21 13:32:10 [notice] 31#31: gracefully shutting down
2023/12/21 13:32:10 [notice] 21#21: exiting
2023/12/21 13:32:10 [notice] 25#25: exiting
2023/12/21 13:32:10 [notice] 22#22: gracefully shutting down
2023/12/21 13:32:10 [notice] 28#28: gracefully shutting down
2023/12/21 13:32:10 [notice] 23#23: exiting
2023/12/21 13:32:10 [notice] 30#30: exiting
2023/12/21 13:32:10 [notice] 26#26: exiting
2023/12/21 13:32:10 [notice] 24#24: exiting
2023/12/21 13:32:10 [notice] 27#27: exiting
2023/12/21 13:32:10 [notice] 29#29: exiting
2023/12/21 13:32:10 [notice] 20#20: exiting
2023/12/21 13:32:10 [notice] 31#31: exiting
2023/12/21 13:32:10 [notice] 28#28: exiting
2023/12/21 13:32:10 [notice] 31#31: exit
2023/12/21 13:32:10 [notice] 22#22: exiting
2023/12/21 13:32:10 [notice] 30#30: exit
2023/12/21 13:32:10 [notice] 21#21: exit
2023/12/21 13:32:10 [notice] 22#22: exit
2023/12/21 13:32:10 [notice] 25#25: exit
2023/12/21 13:32:10 [notice] 29#29: exit
2023/12/21 13:32:10 [notice] 24#24: exit
2023/12/21 13:32:10 [notice] 20#20: exit
2023/12/21 13:32:10 [notice] 28#28: exit
2023/12/21 13:32:10 [notice] 26#26: exit
2023/12/21 13:32:10 [notice] 27#27: exit
2023/12/21 13:32:10 [notice] 23#23: exit
2023/12/21 13:32:12 [notice] 1#1: signal 17 (SIGCHLD) received from 31
2023/12/21 13:32:12 [notice] 1#1: worker process 23 exited with code 0
2023/12/21 13:32:12 [notice] 1#1: worker process 24 exited with code 0
2023/12/21 13:32:12 [notice] 1#1: worker process 25 exited with code 0
2023/12/21 13:32:12 [notice] 1#1: worker process 27 exited with code 0
2023/12/21 13:32:12 [notice] 1#1: worker process 31 exited with code 0
2023/12/21 13:32:12 [notice] 1#1: signal 29 (SIGIO) received
2023/12/21 13:32:12 [notice] 1#1: signal 17 (SIGCHLD) received from 24
2023/12/21 13:32:12 [notice] 1#1: signal 17 (SIGCHLD) received from 30
2023/12/21 13:32:12 [notice] 1#1: worker process 22 exited with code 0
2023/12/21 13:32:12 [notice] 1#1: worker process 28 exited with code 0
2023/12/21 13:32:12 [notice] 1#1: worker process 30 exited with code 0
2023/12/21 13:32:12 [notice] 1#1: signal 29 (SIGIO) received
2023/12/21 13:32:12 [notice] 1#1: signal 17 (SIGCHLD) received from 21
2023/12/21 13:32:12 [notice] 1#1: worker process 20 exited with code 0
2023/12/21 13:32:12 [notice] 1#1: worker process 21 exited with code 0
2023/12/21 13:32:12 [notice] 1#1: worker process 26 exited with code 0
2023/12/21 13:32:12 [notice] 1#1: worker process 29 exited with code 0
2023/12/21 13:32:12 [notice] 1#1: exit
2023/12/21 13:41:49 [notice] 1#1: using the "epoll" event method
2023/12/21 13:41:49 [notice] 1#1: nginx/1.25.3
2023/12/21 13:41:49 [notice] 1#1: built by gcc 12.2.0 (Debian 12.2.0-14) 
2023/12/21 13:41:49 [notice] 1#1: OS: Linux 5.15.133.1-microsoft-standard-WSL2
2023/12/21 13:41:49 [notice] 1#1: getrlimit(RLIMIT_NOFILE): 1048576:1048576
2023/12/21 13:41:49 [notice] 1#1: start worker processes
2023/12/21 13:41:49 [notice] 1#1: start worker process 20
2023/12/21 13:41:49 [notice] 1#1: start worker process 21
2023/12/21 13:41:49 [notice] 1#1: start worker process 22
2023/12/21 13:41:49 [notice] 1#1: start worker process 23
2023/12/21 13:41:49 [notice] 1#1: start worker process 24
2023/12/21 13:41:49 [notice] 1#1: start worker process 25
2023/12/21 13:41:49 [notice] 1#1: start worker process 26
2023/12/21 13:41:49 [notice] 1#1: start worker process 27
2023/12/21 13:41:49 [notice] 1#1: start worker process 28
2023/12/21 13:41:49 [notice] 1#1: start worker process 29
2023/12/21 13:41:49 [notice] 1#1: start worker process 30
2023/12/21 13:41:49 [notice] 1#1: start worker process 31
2023/12/21 14:32:14 [notice] 1#1: using the "epoll" event method
2023/12/21 14:32:14 [notice] 1#1: nginx/1.25.3
2023/12/21 14:32:14 [notice] 1#1: built by gcc 12.2.0 (Debian 12.2.0-14) 
2023/12/21 14:32:14 [notice] 1#1: OS: Linux 5.15.133.1-microsoft-standard-WSL2
2023/12/21 14:32:14 [notice] 1#1: getrlimit(RLIMIT_NOFILE): 1048576:1048576
2023/12/21 14:32:14 [notice] 1#1: start worker processes
2023/12/21 14:32:14 [notice] 1#1: start worker process 20
2023/12/21 14:32:14 [notice] 1#1: start worker process 21
2023/12/21 14:32:14 [notice] 1#1: start worker process 22
2023/12/21 14:32:14 [notice] 1#1: start worker process 23
2023/12/21 14:32:14 [notice] 1#1: start worker process 24
2023/12/21 14:32:14 [notice] 1#1: start worker process 25
2023/12/21 14:32:14 [notice] 1#1: start worker process 26
2023/12/21 14:32:14 [notice] 1#1: start worker process 27
2023/12/21 14:32:14 [notice] 1#1: start worker process 28
2023/12/21 14:32:14 [notice] 1#1: start worker process 29
2023/12/21 14:32:14 [notice] 1#1: start worker process 30
2023/12/21 14:32:14 [notice] 1#1: start worker process 31
2023/12/21 15:02:40 [notice] 1#1: signal 3 (SIGQUIT) received, shutting down
2023/12/21 15:02:40 [notice] 20#20: gracefully shutting down
2023/12/21 15:02:40 [notice] 27#27: gracefully shutting down
2023/12/21 15:02:40 [notice] 24#24: gracefully shutting down
2023/12/21 15:02:40 [notice] 26#26: gracefully shutting down
2023/12/21 15:02:40 [notice] 29#29: gracefully shutting down
2023/12/21 15:02:40 [notice] 31#31: gracefully shutting down
2023/12/21 15:02:40 [notice] 28#28: gracefully shutting down
2023/12/21 15:02:40 [notice] 25#25: gracefully shutting down
2023/12/21 15:02:40 [notice] 22#22: gracefully shutting down
2023/12/21 15:02:40 [notice] 30#30: gracefully shutting down
2023/12/21 15:02:40 [notice] 24#24: exiting
2023/12/21 15:02:40 [notice] 23#23: gracefully shutting down
2023/12/21 15:02:40 [notice] 20#20: exiting
2023/12/21 15:02:40 [notice] 27#27: exiting
2023/12/21 15:02:40 [notice] 21#21: gracefully shutting down
2023/12/21 15:02:40 [notice] 26#26: exiting
2023/12/21 15:02:40 [notice] 29#29: exiting
2023/12/21 15:02:40 [notice] 22#22: exiting
2023/12/21 15:02:40 [notice] 30#30: exiting
2023/12/21 15:02:40 [notice] 31#31: exiting
2023/12/21 15:02:40 [notice] 28#28: exiting
2023/12/21 15:02:40 [notice] 25#25: exiting
2023/12/21 15:02:40 [notice] 27#27: exit
2023/12/21 15:02:40 [notice] 20#20: exit
2023/12/21 15:02:40 [notice] 24#24: exit
2023/12/21 15:02:40 [notice] 29#29: exit
2023/12/21 15:02:40 [notice] 23#23: exiting
2023/12/21 15:02:40 [notice] 26#26: exit
2023/12/21 15:02:40 [notice] 22#22: exit
2023/12/21 15:02:40 [notice] 30#30: exit
2023/12/21 15:02:40 [notice] 31#31: exit
2023/12/21 15:02:40 [notice] 21#21: exiting
2023/12/21 15:02:40 [notice] 21#21: exit
2023/12/21 15:02:40 [notice] 25#25: exit
2023/12/21 15:02:40 [notice] 28#28: exit
2023/12/21 15:02:40 [notice] 23#23: exit
2023/12/21 15:02:40 [notice] 1#1: signal 17 (SIGCHLD) received from 27
2023/12/21 15:02:40 [notice] 1#1: worker process 20 exited with code 0
2023/12/21 15:02:40 [notice] 1#1: worker process 21 exited with code 0
2023/12/21 15:02:40 [notice] 1#1: worker process 22 exited with code 0
2023/12/21 15:02:40 [notice] 1#1: worker process 23 exited with code 0
2023/12/21 15:02:40 [notice] 1#1: worker process 24 exited with code 0
2023/12/21 15:02:40 [notice] 1#1: worker process 25 exited with code 0
2023/12/21 15:02:40 [notice] 1#1: worker process 26 exited with code 0
2023/12/21 15:02:40 [notice] 1#1: worker process 27 exited with code 0
2023/12/21 15:02:40 [notice] 1#1: worker process 28 exited with code 0
2023/12/21 15:02:40 [notice] 1#1: worker process 29 exited with code 0
2023/12/21 15:02:40 [notice] 1#1: worker process 30 exited with code 0
2023/12/21 15:02:40 [notice] 1#1: worker process 31 exited with code 0
2023/12/21 15:02:40 [notice] 1#1: exit
2023/12/21 17:50:45 [notice] 1#1: using the "epoll" event method
2023/12/21 17:50:45 [notice] 1#1: nginx/1.25.3
2023/12/21 17:50:45 [notice] 1#1: built by gcc 12.2.0 (Debian 12.2.0-14) 
2023/12/21 17:50:45 [notice] 1#1: OS: Linux 5.15.133.1-microsoft-standard-WSL2
2023/12/21 17:50:45 [notice] 1#1: getrlimit(RLIMIT_NOFILE): 1048576:1048576
2023/12/21 17:50:45 [notice] 1#1: start worker processes
2023/12/21 17:50:45 [notice] 1#1: start worker process 20
2023/12/21 17:50:45 [notice] 1#1: start worker process 21
2023/12/21 17:50:45 [notice] 1#1: start worker process 22
2023/12/21 17:50:45 [notice] 1#1: start worker process 23
2023/12/21 17:50:45 [notice] 1#1: start worker process 24
2023/12/21 17:50:45 [notice] 1#1: start worker process 25
2023/12/21 17:50:45 [notice] 1#1: start worker process 26
2023/12/21 17:50:45 [notice] 1#1: start worker process 27
2023/12/21 17:50:45 [notice] 1#1: start worker process 28
2023/12/21 17:50:45 [notice] 1#1: start worker process 29
2023/12/21 17:50:45 [notice] 1#1: start worker process 30
2023/12/21 17:50:45 [notice] 1#1: start worker process 31
2023/12/21 18:01:32 [notice] 1#1: signal 3 (SIGQUIT) received, shutting down
2023/12/21 18:01:32 [notice] 20#20: gracefully shutting down
2023/12/21 18:01:32 [notice] 22#22: gracefully shutting down
2023/12/21 18:01:32 [notice] 20#20: exiting
2023/12/21 18:01:32 [notice] 25#25: gracefully shutting down
2023/12/21 18:01:32 [notice] 20#20: exit
2023/12/21 18:01:32 [notice] 23#23: gracefully shutting down
2023/12/21 18:01:32 [notice] 26#26: gracefully shutting down
2023/12/21 18:01:32 [notice] 24#24: gracefully shutting down
2023/12/21 18:01:32 [notice] 23#23: exiting
2023/12/21 18:01:32 [notice] 27#27: gracefully shutting down
2023/12/21 18:01:32 [notice] 30#30: gracefully shutting down
2023/12/21 18:01:32 [notice] 31#31: gracefully shutting down
2023/12/21 18:01:32 [notice] 21#21: gracefully shutting down
2023/12/21 18:01:32 [notice] 29#29: gracefully shutting down
2023/12/21 18:01:32 [notice] 29#29: exiting
2023/12/21 18:01:32 [notice] 28#28: gracefully shutting down
2023/12/21 18:01:32 [notice] 22#22: exiting
2023/12/21 18:01:32 [notice] 25#25: exiting
2023/12/21 18:01:32 [notice] 26#26: exiting
2023/12/21 18:01:32 [notice] 24#24: exiting
2023/12/21 18:01:32 [notice] 23#23: exit
2023/12/21 18:01:32 [notice] 27#27: exiting
2023/12/21 18:01:32 [notice] 30#30: exiting
2023/12/21 18:01:32 [notice] 31#31: exiting
2023/12/21 18:01:32 [notice] 21#21: exiting
2023/12/21 18:01:32 [notice] 29#29: exit
2023/12/21 18:01:32 [notice] 28#28: exiting
2023/12/21 18:01:32 [notice] 22#22: exit
2023/12/21 18:01:32 [notice] 25#25: exit
2023/12/21 18:01:32 [notice] 26#26: exit
2023/12/21 18:01:32 [notice] 24#24: exit
2023/12/21 18:01:32 [notice] 27#27: exit
2023/12/21 18:01:32 [notice] 30#30: exit
2023/12/21 18:01:32 [notice] 31#31: exit
2023/12/21 18:01:32 [notice] 21#21: exit
2023/12/21 18:01:32 [notice] 28#28: exit
2023/12/21 18:01:32 [notice] 1#1: signal 17 (SIGCHLD) received from 20
2023/12/21 18:01:32 [notice] 1#1: worker process 20 exited with code 0
2023/12/21 18:01:32 [notice] 1#1: worker process 22 exited with code 0
2023/12/21 18:01:32 [notice] 1#1: worker process 23 exited with code 0
2023/12/21 18:01:32 [notice] 1#1: worker process 24 exited with code 0
2023/12/21 18:01:32 [notice] 1#1: worker process 25 exited with code 0
2023/12/21 18:01:32 [notice] 1#1: worker process 29 exited with code 0
2023/12/21 18:01:32 [notice] 1#1: signal 29 (SIGIO) received
2023/12/21 18:01:32 [notice] 1#1: signal 17 (SIGCHLD) received from 22
2023/12/21 18:01:32 [notice] 1#1: signal 17 (SIGCHLD) received from 31
2023/12/21 18:01:32 [notice] 1#1: worker process 26 exited with code 0
2023/12/21 18:01:32 [notice] 1#1: worker process 27 exited with code 0
2023/12/21 18:01:32 [notice] 1#1: worker process 31 exited with code 0
2023/12/21 18:01:32 [notice] 1#1: signal 29 (SIGIO) received
2023/12/21 18:01:32 [notice] 1#1: signal 17 (SIGCHLD) received from 21
2023/12/21 18:01:32 [notice] 1#1: worker process 21 exited with code 0
2023/12/21 18:01:32 [notice] 1#1: signal 29 (SIGIO) received
2023/12/21 18:01:32 [notice] 1#1: signal 17 (SIGCHLD) received from 28
2023/12/21 18:01:32 [notice] 1#1: worker process 28 exited with code 0
2023/12/21 18:01:32 [notice] 1#1: signal 29 (SIGIO) received
2023/12/21 18:01:32 [notice] 1#1: signal 17 (SIGCHLD) received from 30
2023/12/21 18:01:32 [notice] 1#1: worker process 30 exited with code 0
2023/12/21 18:01:32 [notice] 1#1: exit
2023/12/21 18:30:54 [notice] 1#1: using the "epoll" event method
2023/12/21 18:30:54 [notice] 1#1: nginx/1.25.3
2023/12/21 18:30:54 [notice] 1#1: built by gcc 12.2.0 (Debian 12.2.0-14) 
2023/12/21 18:30:54 [notice] 1#1: OS: Linux 5.15.133.1-microsoft-standard-WSL2
2023/12/21 18:30:54 [notice] 1#1: getrlimit(RLIMIT_NOFILE): 1048576:1048576
2023/12/21 18:30:54 [notice] 1#1: start worker processes
2023/12/21 18:30:54 [notice] 1#1: start worker process 20
2023/12/21 18:30:54 [notice] 1#1: start worker process 21
2023/12/21 18:30:54 [notice] 1#1: start worker process 22
2023/12/21 18:30:54 [notice] 1#1: start worker process 23
2023/12/21 18:30:54 [notice] 1#1: start worker process 24
2023/12/21 18:30:54 [notice] 1#1: start worker process 25
2023/12/21 18:30:54 [notice] 1#1: start worker process 26
2023/12/21 18:30:54 [notice] 1#1: start worker process 27
2023/12/21 18:30:54 [notice] 1#1: start worker process 28
2023/12/21 18:30:54 [notice] 1#1: start worker process 29
2023/12/21 18:30:54 [notice] 1#1: start worker process 30
2023/12/21 18:30:54 [notice] 1#1: start worker process 31
2023/12/21 18:44:23 [notice] 1#1: signal 3 (SIGQUIT) received, shutting down
2023/12/21 18:44:24 [notice] 20#20: gracefully shutting down
2023/12/21 18:44:24 [notice] 24#24: gracefully shutting down
2023/12/21 18:44:24 [notice] 22#22: gracefully shutting down
2023/12/21 18:44:24 [notice] 26#26: gracefully shutting down
2023/12/21 18:44:24 [notice] 23#23: gracefully shutting down
2023/12/21 18:44:24 [notice] 28#28: gracefully shutting down
2023/12/21 18:44:24 [notice] 24#24: exiting
2023/12/21 18:44:24 [notice] 29#29: gracefully shutting down
2023/12/21 18:44:24 [notice] 28#28: exiting
2023/12/21 18:44:24 [notice] 30#30: gracefully shutting down
2023/12/21 18:44:24 [notice] 26#26: exiting
2023/12/21 18:44:24 [notice] 21#21: gracefully shutting down
2023/12/21 18:44:24 [notice] 31#31: gracefully shutting down
2023/12/21 18:44:24 [notice] 20#20: exiting
2023/12/21 18:44:24 [notice] 27#27: gracefully shutting down
2023/12/21 18:44:24 [notice] 31#31: exiting
2023/12/21 18:44:24 [notice] 25#25: gracefully shutting down
2023/12/21 18:44:24 [notice] 23#23: exiting
2023/12/21 18:44:24 [notice] 22#22: exiting
2023/12/21 18:44:24 [notice] 29#29: exiting
2023/12/21 18:44:24 [notice] 27#27: exiting
2023/12/21 18:44:24 [notice] 24#24: exit
2023/12/21 18:44:24 [notice] 28#28: exit
2023/12/21 18:44:24 [notice] 30#30: exiting
2023/12/21 18:44:24 [notice] 26#26: exit
2023/12/21 18:44:24 [notice] 21#21: exiting
2023/12/21 18:44:24 [notice] 20#20: exit
2023/12/21 18:44:24 [notice] 25#25: exiting
2023/12/21 18:44:24 [notice] 31#31: exit
2023/12/21 18:44:24 [notice] 23#23: exit
2023/12/21 18:44:24 [notice] 22#22: exit
2023/12/21 18:44:24 [notice] 29#29: exit
2023/12/21 18:44:24 [notice] 27#27: exit
2023/12/21 18:44:24 [notice] 30#30: exit
2023/12/21 18:44:24 [notice] 21#21: exit
2023/12/21 18:44:24 [notice] 25#25: exit
2023/12/21 18:44:24 [notice] 1#1: signal 17 (SIGCHLD) received from 30
2023/12/21 18:44:24 [notice] 1#1: worker process 30 exited with code 0
2023/12/21 18:44:24 [notice] 1#1: signal 29 (SIGIO) received
2023/12/21 18:44:24 [notice] 1#1: signal 17 (SIGCHLD) received from 20
2023/12/21 18:44:24 [notice] 1#1: worker process 20 exited with code 0
2023/12/21 18:44:24 [notice] 1#1: signal 29 (SIGIO) received
2023/12/21 18:44:24 [notice] 1#1: signal 17 (SIGCHLD) received from 29
2023/12/21 18:44:24 [notice] 1#1: worker process 21 exited with code 0
2023/12/21 18:44:24 [notice] 1#1: worker process 22 exited with code 0
2023/12/21 18:44:24 [notice] 1#1: worker process 24 exited with code 0
2023/12/21 18:44:24 [notice] 1#1: worker process 25 exited with code 0
2023/12/21 18:44:24 [notice] 1#1: worker process 26 exited with code 0
2023/12/21 18:44:24 [notice] 1#1: worker process 27 exited with code 0
2023/12/21 18:44:24 [notice] 1#1: worker process 28 exited with code 0
2023/12/21 18:44:24 [notice] 1#1: worker process 29 exited with code 0
2023/12/21 18:44:24 [notice] 1#1: worker process 31 exited with code 0
2023/12/21 18:44:24 [notice] 1#1: worker process 23 exited with code 0
2023/12/21 18:44:24 [notice] 1#1: exit
2023/12/21 18:50:44 [notice] 1#1: using the "epoll" event method
2023/12/21 18:50:44 [notice] 1#1: nginx/1.25.3
2023/12/21 18:50:44 [notice] 1#1: built by gcc 12.2.0 (Debian 12.2.0-14) 
2023/12/21 18:50:44 [notice] 1#1: OS: Linux 5.15.133.1-microsoft-standard-WSL2
2023/12/21 18:50:44 [notice] 1#1: getrlimit(RLIMIT_NOFILE): 1048576:1048576
2023/12/21 18:50:44 [notice] 1#1: start worker processes
2023/12/21 18:50:44 [notice] 1#1: start worker process 20
2023/12/21 18:50:44 [notice] 1#1: start worker process 21
2023/12/21 18:50:44 [notice] 1#1: start worker process 22
2023/12/21 18:50:44 [notice] 1#1: start worker process 23
2023/12/21 18:50:44 [notice] 1#1: start worker process 24
2023/12/21 18:50:44 [notice] 1#1: start worker process 25
2023/12/21 18:50:44 [notice] 1#1: start worker process 26
2023/12/21 18:50:44 [notice] 1#1: start worker process 27
2023/12/21 18:50:44 [notice] 1#1: start worker process 28
2023/12/21 18:50:44 [notice] 1#1: start worker process 29
2023/12/21 18:50:44 [notice] 1#1: start worker process 30
2023/12/21 18:50:44 [notice] 1#1: start worker process 31
2023/12/21 19:00:43 [notice] 1#1: signal 3 (SIGQUIT) received, shutting down
2023/12/21 19:00:43 [notice] 21#21: gracefully shutting down
2023/12/21 19:00:43 [notice] 30#30: gracefully shutting down
2023/12/21 19:00:43 [notice] 20#20: gracefully shutting down
2023/12/21 19:00:43 [notice] 20#20: exiting
2023/12/21 19:00:43 [notice] 23#23: gracefully shutting down
2023/12/21 19:00:43 [notice] 22#22: gracefully shutting down
2023/12/21 19:00:43 [notice] 26#26: gracefully shutting down
2023/12/21 19:00:43 [notice] 25#25: gracefully shutting down
2023/12/21 19:00:43 [notice] 24#24: gracefully shutting down
2023/12/21 19:00:43 [notice] 31#31: gracefully shutting down
2023/12/21 19:00:43 [notice] 27#27: gracefully shutting down
2023/12/21 19:00:43 [notice] 29#29: gracefully shutting down
2023/12/21 19:00:43 [notice] 28#28: gracefully shutting down
2023/12/21 19:00:43 [notice] 21#21: exiting
2023/12/21 19:00:43 [notice] 30#30: exiting
2023/12/21 19:00:43 [notice] 20#20: exit
2023/12/21 19:00:43 [notice] 23#23: exiting
2023/12/21 19:00:43 [notice] 22#22: exiting
2023/12/21 19:00:43 [notice] 26#26: exiting
2023/12/21 19:00:43 [notice] 25#25: exiting
2023/12/21 19:00:43 [notice] 24#24: exiting
2023/12/21 19:00:43 [notice] 31#31: exiting
2023/12/21 19:00:43 [notice] 27#27: exiting
2023/12/21 19:00:43 [notice] 29#29: exiting
2023/12/21 19:00:43 [notice] 28#28: exiting
2023/12/21 19:00:43 [notice] 21#21: exit
2023/12/21 19:00:43 [notice] 30#30: exit
2023/12/21 19:00:43 [notice] 23#23: exit
2023/12/21 19:00:43 [notice] 22#22: exit
2023/12/21 19:00:43 [notice] 26#26: exit
2023/12/21 19:00:43 [notice] 25#25: exit
2023/12/21 19:00:43 [notice] 24#24: exit
2023/12/21 19:00:43 [notice] 31#31: exit
2023/12/21 19:00:43 [notice] 27#27: exit
2023/12/21 19:00:43 [notice] 29#29: exit
2023/12/21 19:00:43 [notice] 28#28: exit
2023/12/21 19:00:43 [notice] 1#1: signal 17 (SIGCHLD) received from 30
2023/12/21 19:00:43 [notice] 1#1: worker process 20 exited with code 0
2023/12/21 19:00:43 [notice] 1#1: worker process 22 exited with code 0
2023/12/21 19:00:43 [notice] 1#1: worker process 26 exited with code 0
2023/12/21 19:00:43 [notice] 1#1: worker process 27 exited with code 0
2023/12/21 19:00:43 [notice] 1#1: worker process 28 exited with code 0
2023/12/21 19:00:43 [notice] 1#1: worker process 30 exited with code 0
2023/12/21 19:00:43 [notice] 1#1: signal 29 (SIGIO) received
2023/12/21 19:00:43 [notice] 1#1: signal 17 (SIGCHLD) received from 21
2023/12/21 19:00:43 [notice] 1#1: worker process 21 exited with code 0
2023/12/21 19:00:43 [notice] 1#1: worker process 24 exited with code 0
2023/12/21 19:00:43 [notice] 1#1: worker process 25 exited with code 0
2023/12/21 19:00:43 [notice] 1#1: worker process 31 exited with code 0
2023/12/21 19:00:43 [notice] 1#1: signal 29 (SIGIO) received
2023/12/21 19:00:43 [notice] 1#1: signal 17 (SIGCHLD) received from 24
2023/12/21 19:00:43 [notice] 1#1: signal 17 (SIGCHLD) received from 23
2023/12/21 19:00:43 [notice] 1#1: worker process 23 exited with code 0
2023/12/21 19:00:43 [notice] 1#1: worker process 29 exited with code 0
2023/12/21 19:00:43 [notice] 1#1: exit
2023/12/21 19:25:03 [notice] 1#1: using the "epoll" event method
2023/12/21 19:25:03 [notice] 1#1: nginx/1.25.3
2023/12/21 19:25:03 [notice] 1#1: built by gcc 12.2.0 (Debian 12.2.0-14) 
2023/12/21 19:25:03 [notice] 1#1: OS: Linux 5.15.133.1-microsoft-standard-WSL2
2023/12/21 19:25:03 [notice] 1#1: getrlimit(RLIMIT_NOFILE): 1048576:1048576
2023/12/21 19:25:03 [notice] 1#1: start worker processes
2023/12/21 19:25:03 [notice] 1#1: start worker process 20
2023/12/21 19:25:03 [notice] 1#1: start worker process 21
2023/12/21 19:25:03 [notice] 1#1: start worker process 22
2023/12/21 19:25:03 [notice] 1#1: start worker process 23
2023/12/21 19:25:03 [notice] 1#1: start worker process 24
2023/12/21 19:25:03 [notice] 1#1: start worker process 25
2023/12/21 19:25:03 [notice] 1#1: start worker process 26
2023/12/21 19:25:03 [notice] 1#1: start worker process 27
2023/12/21 19:25:03 [notice] 1#1: start worker process 28
2023/12/21 19:25:03 [notice] 1#1: start worker process 29
2023/12/21 19:25:03 [notice] 1#1: start worker process 30
2023/12/21 19:25:03 [notice] 1#1: start worker process 31
2023/12/21 19:28:44 [notice] 1#1: signal 3 (SIGQUIT) received, shutting down
2023/12/21 19:28:44 [notice] 20#20: gracefully shutting down
2023/12/21 19:28:44 [notice] 20#20: exiting
2023/12/21 19:28:44 [notice] 22#22: gracefully shutting down
2023/12/21 19:28:44 [notice] 20#20: exit
2023/12/21 19:28:44 [notice] 24#24: gracefully shutting down
2023/12/21 19:28:44 [notice] 26#26: gracefully shutting down
2023/12/21 19:28:44 [notice] 24#24: exiting
2023/12/21 19:28:44 [notice] 25#25: gracefully shutting down
2023/12/21 19:28:44 [notice] 21#21: gracefully shutting down
2023/12/21 19:28:44 [notice] 23#23: gracefully shutting down
2023/12/21 19:28:44 [notice] 27#27: gracefully shutting down
2023/12/21 19:28:44 [notice] 27#27: exiting
2023/12/21 19:28:44 [notice] 30#30: gracefully shutting down
2023/12/21 19:28:44 [notice] 29#29: gracefully shutting down
2023/12/21 19:28:44 [notice] 28#28: gracefully shutting down
2023/12/21 19:28:44 [notice] 31#31: gracefully shutting down
2023/12/21 19:28:44 [notice] 31#31: exiting
2023/12/21 19:28:44 [notice] 22#22: exiting
2023/12/21 19:28:44 [notice] 26#26: exiting
2023/12/21 19:28:44 [notice] 26#26: exit
2023/12/21 19:28:44 [notice] 24#24: exit
2023/12/21 19:28:44 [notice] 25#25: exiting
2023/12/21 19:28:44 [notice] 21#21: exiting
2023/12/21 19:28:44 [notice] 23#23: exiting
2023/12/21 19:28:44 [notice] 27#27: exit
2023/12/21 19:28:44 [notice] 30#30: exiting
2023/12/21 19:28:44 [notice] 29#29: exiting
2023/12/21 19:28:44 [notice] 28#28: exiting
2023/12/21 19:28:44 [notice] 31#31: exit
2023/12/21 19:28:44 [notice] 22#22: exit
2023/12/21 19:28:44 [notice] 25#25: exit
2023/12/21 19:28:44 [notice] 21#21: exit
2023/12/21 19:28:44 [notice] 23#23: exit
2023/12/21 19:28:44 [notice] 30#30: exit
2023/12/21 19:28:44 [notice] 29#29: exit
2023/12/21 19:28:44 [notice] 28#28: exit
2023/12/21 19:28:44 [notice] 1#1: signal 17 (SIGCHLD) received from 26
2023/12/21 19:28:44 [notice] 1#1: worker process 26 exited with code 0
2023/12/21 19:28:44 [notice] 1#1: worker process 20 exited with code 0
2023/12/21 19:28:44 [notice] 1#1: signal 29 (SIGIO) received
2023/12/21 19:28:44 [notice] 1#1: signal 17 (SIGCHLD) received from 20
2023/12/21 19:28:44 [notice] 1#1: signal 17 (SIGCHLD) received from 22
2023/12/21 19:28:44 [notice] 1#1: worker process 22 exited with code 0
2023/12/21 19:28:44 [notice] 1#1: signal 29 (SIGIO) received
2023/12/21 19:28:44 [notice] 1#1: signal 17 (SIGCHLD) received from 27
2023/12/21 19:28:44 [notice] 1#1: worker process 25 exited with code 0
2023/12/21 19:28:44 [notice] 1#1: worker process 27 exited with code 0
2023/12/21 19:28:44 [notice] 1#1: worker process 31 exited with code 0
2023/12/21 19:28:44 [notice] 1#1: signal 29 (SIGIO) received
2023/12/21 19:28:44 [notice] 1#1: signal 17 (SIGCHLD) received from 31
2023/12/21 19:28:44 [notice] 1#1: signal 17 (SIGCHLD) received from 24
2023/12/21 19:28:44 [notice] 1#1: worker process 24 exited with code 0
2023/12/21 19:28:44 [notice] 1#1: signal 29 (SIGIO) received
2023/12/21 19:28:44 [notice] 1#1: signal 17 (SIGCHLD) received from 21
2023/12/21 19:28:44 [notice] 1#1: worker process 21 exited with code 0
2023/12/21 19:28:44 [notice] 1#1: worker process 28 exited with code 0
2023/12/21 19:28:44 [notice] 1#1: worker process 29 exited with code 0
2023/12/21 19:28:44 [notice] 1#1: signal 29 (SIGIO) received
2023/12/21 19:28:44 [notice] 1#1: signal 17 (SIGCHLD) received from 23
2023/12/21 19:28:44 [notice] 1#1: worker process 23 exited with code 0
2023/12/21 19:28:44 [notice] 1#1: worker process 30 exited with code 0
2023/12/21 19:28:44 [notice] 1#1: exit
2023/12/21 20:12:35 [notice] 1#1: using the "epoll" event method
2023/12/21 20:12:35 [notice] 1#1: nginx/1.25.3
2023/12/21 20:12:35 [notice] 1#1: built by gcc 12.2.0 (Debian 12.2.0-14) 
2023/12/21 20:12:35 [notice] 1#1: OS: Linux 5.15.133.1-microsoft-standard-WSL2
2023/12/21 20:12:35 [notice] 1#1: getrlimit(RLIMIT_NOFILE): 1048576:1048576
2023/12/21 20:12:35 [notice] 1#1: start worker processes
2023/12/21 20:12:35 [notice] 1#1: start worker process 20
2023/12/21 20:12:35 [notice] 1#1: start worker process 21
2023/12/21 20:12:35 [notice] 1#1: start worker process 22
2023/12/21 20:12:35 [notice] 1#1: start worker process 23
2023/12/21 20:12:35 [notice] 1#1: start worker process 24
2023/12/21 20:12:35 [notice] 1#1: start worker process 25
2023/12/21 20:12:35 [notice] 1#1: start worker process 26
2023/12/21 20:12:35 [notice] 1#1: start worker process 27
2023/12/21 20:12:35 [notice] 1#1: start worker process 28
2023/12/21 20:12:35 [notice] 1#1: start worker process 29
2023/12/21 20:12:35 [notice] 1#1: start worker process 30
2023/12/21 20:12:35 [notice] 1#1: start worker process 31
2023/12/21 20:13:32 [notice] 1#1: signal 3 (SIGQUIT) received, shutting down
2023/12/21 20:13:32 [notice] 25#25: gracefully shutting down
2023/12/21 20:13:32 [notice] 25#25: exiting
2023/12/21 20:13:32 [notice] 31#31: gracefully shutting down
2023/12/21 20:13:32 [notice] 27#27: gracefully shutting down
2023/12/21 20:13:32 [notice] 22#22: gracefully shutting down
2023/12/21 20:13:32 [notice] 26#26: gracefully shutting down
2023/12/21 20:13:32 [notice] 26#26: exiting
2023/12/21 20:13:32 [notice] 29#29: gracefully shutting down
2023/12/21 20:13:32 [notice] 24#24: gracefully shutting down
2023/12/21 20:13:32 [notice] 24#24: exiting
2023/12/21 20:13:32 [notice] 20#20: gracefully shutting down
2023/12/21 20:13:32 [notice] 28#28: gracefully shutting down
2023/12/21 20:13:32 [notice] 28#28: exiting
2023/12/21 20:13:32 [notice] 21#21: gracefully shutting down
2023/12/21 20:13:32 [notice] 30#30: gracefully shutting down
2023/12/21 20:13:32 [notice] 30#30: exiting
2023/12/21 20:13:32 [notice] 23#23: gracefully shutting down
2023/12/21 20:13:32 [notice] 25#25: exit
2023/12/21 20:13:32 [notice] 31#31: exiting
2023/12/21 20:13:32 [notice] 27#27: exiting
2023/12/21 20:13:32 [notice] 22#22: exiting
2023/12/21 20:13:32 [notice] 26#26: exit
2023/12/21 20:13:32 [notice] 29#29: exiting
2023/12/21 20:13:32 [notice] 24#24: exit
2023/12/21 20:13:32 [notice] 20#20: exiting
2023/12/21 20:13:32 [notice] 28#28: exit
2023/12/21 20:13:32 [notice] 21#21: exiting
2023/12/21 20:13:32 [notice] 30#30: exit
2023/12/21 20:13:32 [notice] 21#21: exit
2023/12/21 20:13:32 [notice] 23#23: exiting
2023/12/21 20:13:32 [notice] 31#31: exit
2023/12/21 20:13:32 [notice] 27#27: exit
2023/12/21 20:13:32 [notice] 22#22: exit
2023/12/21 20:13:32 [notice] 29#29: exit
2023/12/21 20:13:32 [notice] 20#20: exit
2023/12/21 20:13:32 [notice] 23#23: exit
2023/12/21 20:13:32 [notice] 1#1: signal 17 (SIGCHLD) received from 31
2023/12/21 20:13:32 [notice] 1#1: worker process 26 exited with code 0
2023/12/21 20:13:32 [notice] 1#1: worker process 24 exited with code 0
2023/12/21 20:13:32 [notice] 1#1: worker process 28 exited with code 0
2023/12/21 20:13:32 [notice] 1#1: worker process 30 exited with code 0
2023/12/21 20:13:32 [notice] 1#1: worker process 31 exited with code 0
2023/12/21 20:13:32 [notice] 1#1: signal 29 (SIGIO) received
2023/12/21 20:13:32 [notice] 1#1: signal 17 (SIGCHLD) received from 26
2023/12/21 20:13:32 [notice] 1#1: signal 17 (SIGCHLD) received from 22
2023/12/21 20:13:32 [notice] 1#1: worker process 20 exited with code 0
2023/12/21 20:13:32 [notice] 1#1: worker process 21 exited with code 0
2023/12/21 20:13:32 [notice] 1#1: worker process 22 exited with code 0
2023/12/21 20:13:32 [notice] 1#1: worker process 23 exited with code 0
2023/12/21 20:13:32 [notice] 1#1: worker process 25 exited with code 0
2023/12/21 20:13:32 [notice] 1#1: worker process 27 exited with code 0
2023/12/21 20:13:32 [notice] 1#1: signal 29 (SIGIO) received
2023/12/21 20:13:32 [notice] 1#1: signal 17 (SIGCHLD) received from 25
2023/12/21 20:13:32 [notice] 1#1: signal 17 (SIGCHLD) received from 29
2023/12/21 20:13:32 [notice] 1#1: worker process 29 exited with code 0
2023/12/21 20:13:32 [notice] 1#1: exit
2023/12/21 20:33:47 [notice] 1#1: using the "epoll" event method
2023/12/21 20:33:47 [notice] 1#1: nginx/1.25.3
2023/12/21 20:33:47 [notice] 1#1: built by gcc 12.2.0 (Debian 12.2.0-14) 
2023/12/21 20:33:47 [notice] 1#1: OS: Linux 5.15.133.1-microsoft-standard-WSL2
2023/12/21 20:33:47 [notice] 1#1: getrlimit(RLIMIT_NOFILE): 1048576:1048576
2023/12/21 20:33:47 [notice] 1#1: start worker processes
2023/12/21 20:33:47 [notice] 1#1: start worker process 20
2023/12/21 20:33:47 [notice] 1#1: start worker process 21
2023/12/21 20:33:47 [notice] 1#1: start worker process 22
2023/12/21 20:33:47 [notice] 1#1: start worker process 23
2023/12/21 20:33:47 [notice] 1#1: start worker process 24
2023/12/21 20:33:47 [notice] 1#1: start worker process 25
2023/12/21 20:33:47 [notice] 1#1: start worker process 26
2023/12/21 20:33:47 [notice] 1#1: start worker process 27
2023/12/21 20:33:47 [notice] 1#1: start worker process 28
2023/12/21 20:33:47 [notice] 1#1: start worker process 29
2023/12/21 20:33:47 [notice] 1#1: start worker process 30
2023/12/21 20:33:47 [notice] 1#1: start worker process 31
2023/12/21 20:39:02 [notice] 1#1: signal 3 (SIGQUIT) received, shutting down
2023/12/21 20:39:02 [notice] 20#20: gracefully shutting down
2023/12/21 20:39:02 [notice] 21#21: gracefully shutting down
2023/12/21 20:39:02 [notice] 23#23: gracefully shutting down
2023/12/21 20:39:02 [notice] 25#25: gracefully shutting down
2023/12/21 20:39:02 [notice] 25#25: exiting
2023/12/21 20:39:02 [notice] 27#27: gracefully shutting down
2023/12/21 20:39:02 [notice] 22#22: gracefully shutting down
2023/12/21 20:39:02 [notice] 22#22: exiting
2023/12/21 20:39:02 [notice] 29#29: gracefully shutting down
2023/12/21 20:39:02 [notice] 24#24: gracefully shutting down
2023/12/21 20:39:02 [notice] 26#26: gracefully shutting down
2023/12/21 20:39:02 [notice] 31#31: gracefully shutting down
2023/12/21 20:39:02 [notice] 31#31: exiting
2023/12/21 20:39:02 [notice] 30#30: gracefully shutting down
2023/12/21 20:39:02 [notice] 20#20: exiting
2023/12/21 20:39:02 [notice] 21#21: exiting
2023/12/21 20:39:02 [notice] 23#23: exiting
2023/12/21 20:39:02 [notice] 28#28: gracefully shutting down
2023/12/21 20:39:02 [notice] 25#25: exit
2023/12/21 20:39:02 [notice] 27#27: exiting
2023/12/21 20:39:02 [notice] 22#22: exit
2023/12/21 20:39:02 [notice] 29#29: exiting
2023/12/21 20:39:02 [notice] 24#24: exiting
2023/12/21 20:39:02 [notice] 26#26: exiting
2023/12/21 20:39:02 [notice] 31#31: exit
2023/12/21 20:39:02 [notice] 30#30: exiting
2023/12/21 20:39:02 [notice] 20#20: exit
2023/12/21 20:39:02 [notice] 21#21: exit
2023/12/21 20:39:02 [notice] 23#23: exit
2023/12/21 20:39:02 [notice] 28#28: exiting
2023/12/21 20:39:02 [notice] 27#27: exit
2023/12/21 20:39:02 [notice] 29#29: exit
2023/12/21 20:39:02 [notice] 24#24: exit
2023/12/21 20:39:02 [notice] 26#26: exit
2023/12/21 20:39:02 [notice] 30#30: exit
2023/12/21 20:39:02 [notice] 28#28: exit
2023/12/21 20:39:02 [notice] 1#1: signal 17 (SIGCHLD) received from 25
2023/12/21 20:39:02 [notice] 1#1: worker process 24 exited with code 0
2023/12/21 20:39:02 [notice] 1#1: worker process 25 exited with code 0
2023/12/21 20:39:02 [notice] 1#1: worker process 28 exited with code 0
2023/12/21 20:39:02 [notice] 1#1: signal 29 (SIGIO) received
2023/12/21 20:39:02 [notice] 1#1: signal 17 (SIGCHLD) received from 28
2023/12/21 20:39:02 [notice] 1#1: signal 17 (SIGCHLD) received from 26
2023/12/21 20:39:02 [notice] 1#1: worker process 21 exited with code 0
2023/12/21 20:39:02 [notice] 1#1: worker process 23 exited with code 0
2023/12/21 20:39:02 [notice] 1#1: worker process 26 exited with code 0
2023/12/21 20:39:02 [notice] 1#1: worker process 27 exited with code 0
2023/12/21 20:39:02 [notice] 1#1: worker process 29 exited with code 0
2023/12/21 20:39:02 [notice] 1#1: worker process 30 exited with code 0
2023/12/21 20:39:02 [notice] 1#1: worker process 31 exited with code 0
2023/12/21 20:39:02 [notice] 1#1: signal 29 (SIGIO) received
2023/12/21 20:39:02 [notice] 1#1: signal 17 (SIGCHLD) received from 23
2023/12/21 20:39:02 [notice] 1#1: signal 17 (SIGCHLD) received from 22
2023/12/21 20:39:02 [notice] 1#1: worker process 22 exited with code 0
2023/12/21 20:39:02 [notice] 1#1: signal 29 (SIGIO) received
2023/12/21 20:39:02 [notice] 1#1: signal 17 (SIGCHLD) received from 20
2023/12/21 20:39:02 [notice] 1#1: worker process 20 exited with code 0
2023/12/21 20:39:02 [notice] 1#1: exit
2023/12/21 20:47:55 [notice] 1#1: using the "epoll" event method
2023/12/21 20:47:55 [notice] 1#1: nginx/1.25.3
2023/12/21 20:47:55 [notice] 1#1: built by gcc 12.2.0 (Debian 12.2.0-14) 
2023/12/21 20:47:55 [notice] 1#1: OS: Linux 5.15.133.1-microsoft-standard-WSL2
2023/12/21 20:47:55 [notice] 1#1: getrlimit(RLIMIT_NOFILE): 1048576:1048576
2023/12/21 20:47:55 [notice] 1#1: start worker processes
2023/12/21 20:47:55 [notice] 1#1: start worker process 20
2023/12/21 20:47:55 [notice] 1#1: start worker process 21
2023/12/21 20:47:55 [notice] 1#1: start worker process 22
2023/12/21 20:47:55 [notice] 1#1: start worker process 23
2023/12/21 20:47:55 [notice] 1#1: start worker process 24
2023/12/21 20:47:55 [notice] 1#1: start worker process 25
2023/12/21 20:47:55 [notice] 1#1: start worker process 26
2023/12/21 20:47:55 [notice] 1#1: start worker process 27
2023/12/21 20:47:55 [notice] 1#1: start worker process 28
2023/12/21 20:47:55 [notice] 1#1: start worker process 29
2023/12/21 20:47:55 [notice] 1#1: start worker process 30
2023/12/21 20:47:55 [notice] 1#1: start worker process 31
2023/12/21 20:56:42 [notice] 1#1: signal 3 (SIGQUIT) received, shutting down
2023/12/21 20:56:42 [notice] 20#20: gracefully shutting down
2023/12/21 20:56:42 [notice] 22#22: gracefully shutting down
2023/12/21 20:56:42 [notice] 20#20: exiting
2023/12/21 20:56:42 [notice] 22#22: exiting
2023/12/21 20:56:42 [notice] 20#20: exit
2023/12/21 20:56:42 [notice] 22#22: exit
2023/12/21 20:56:42 [notice] 23#23: gracefully shutting down
2023/12/21 20:56:42 [notice] 26#26: gracefully shutting down
2023/12/21 20:56:42 [notice] 24#24: gracefully shutting down
2023/12/21 20:56:42 [notice] 26#26: exiting
2023/12/21 20:56:42 [notice] 24#24: exiting
2023/12/21 20:56:42 [notice] 27#27: gracefully shutting down
2023/12/21 20:56:42 [notice] 23#23: exiting
2023/12/21 20:56:42 [notice] 28#28: gracefully shutting down
2023/12/21 20:56:42 [notice] 26#26: exit
2023/12/21 20:56:42 [notice] 23#23: exit
2023/12/21 20:56:42 [notice] 28#28: exiting
2023/12/21 20:56:42 [notice] 27#27: exiting
2023/12/21 20:56:42 [notice] 28#28: exit
2023/12/21 20:56:42 [notice] 27#27: exit
2023/12/21 20:56:42 [notice] 29#29: gracefully shutting down
2023/12/21 20:56:42 [notice] 30#30: gracefully shutting down
2023/12/21 20:56:42 [notice] 30#30: exiting
2023/12/21 20:56:42 [notice] 29#29: exiting
2023/12/21 20:56:42 [notice] 30#30: exit
2023/12/21 20:56:42 [notice] 29#29: exit
2023/12/21 20:56:42 [notice] 21#21: gracefully shutting down
2023/12/21 20:56:42 [notice] 21#21: exiting
2023/12/21 20:56:42 [notice] 24#24: exit
2023/12/21 20:56:42 [notice] 25#25: gracefully shutting down
2023/12/21 20:56:42 [notice] 21#21: exit
2023/12/21 20:56:42 [notice] 31#31: gracefully shutting down
2023/12/21 20:56:42 [notice] 25#25: exiting
2023/12/21 20:56:42 [notice] 31#31: exiting
2023/12/21 20:56:42 [notice] 25#25: exit
2023/12/21 20:56:42 [notice] 31#31: exit
2023/12/21 20:56:42 [notice] 1#1: signal 17 (SIGCHLD) received from 31
2023/12/21 20:56:42 [notice] 1#1: worker process 20 exited with code 0
2023/12/21 20:56:42 [notice] 1#1: worker process 21 exited with code 0
2023/12/21 20:56:42 [notice] 1#1: worker process 22 exited with code 0
2023/12/21 20:56:42 [notice] 1#1: worker process 23 exited with code 0
2023/12/21 20:56:42 [notice] 1#1: worker process 24 exited with code 0
2023/12/21 20:56:42 [notice] 1#1: worker process 26 exited with code 0
2023/12/21 20:56:42 [notice] 1#1: worker process 27 exited with code 0
2023/12/21 20:56:42 [notice] 1#1: worker process 28 exited with code 0
2023/12/21 20:56:42 [notice] 1#1: worker process 29 exited with code 0
2023/12/21 20:56:42 [notice] 1#1: worker process 31 exited with code 0
2023/12/21 20:56:43 [notice] 1#1: signal 29 (SIGIO) received
2023/12/21 20:56:43 [notice] 1#1: signal 17 (SIGCHLD) received from 21
2023/12/21 20:56:43 [notice] 1#1: signal 17 (SIGCHLD) received from 25
2023/12/21 20:56:43 [notice] 1#1: worker process 25 exited with code 0
2023/12/21 20:56:43 [notice] 1#1: worker process 30 exited with code 0
2023/12/21 20:56:43 [notice] 1#1: exit
2023/12/21 21:05:24 [notice] 1#1: using the "epoll" event method
2023/12/21 21:05:24 [notice] 1#1: nginx/1.25.3
2023/12/21 21:05:24 [notice] 1#1: built by gcc 12.2.0 (Debian 12.2.0-14) 
2023/12/21 21:05:24 [notice] 1#1: OS: Linux 5.15.133.1-microsoft-standard-WSL2
2023/12/21 21:05:24 [notice] 1#1: getrlimit(RLIMIT_NOFILE): 1048576:1048576
2023/12/21 21:05:24 [notice] 1#1: start worker processes
2023/12/21 21:05:24 [notice] 1#1: start worker process 20
2023/12/21 21:05:24 [notice] 1#1: start worker process 21
2023/12/21 21:05:24 [notice] 1#1: start worker process 22
2023/12/21 21:05:24 [notice] 1#1: start worker process 23
2023/12/21 21:05:24 [notice] 1#1: start worker process 24
2023/12/21 21:05:24 [notice] 1#1: start worker process 25
2023/12/21 21:05:24 [notice] 1#1: start worker process 26
2023/12/21 21:05:24 [notice] 1#1: start worker process 27
2023/12/21 21:05:24 [notice] 1#1: start worker process 28
2023/12/21 21:05:24 [notice] 1#1: start worker process 29
2023/12/21 21:05:24 [notice] 1#1: start worker process 30
2023/12/21 21:05:24 [notice] 1#1: start worker process 31
2023/12/21 21:07:04 [notice] 1#1: signal 3 (SIGQUIT) received, shutting down
2023/12/21 21:07:04 [notice] 21#21: gracefully shutting down
2023/12/21 21:07:04 [notice] 31#31: gracefully shutting down
2023/12/21 21:07:04 [notice] 31#31: exiting
2023/12/21 21:07:04 [notice] 20#20: gracefully shutting down
2023/12/21 21:07:04 [notice] 22#22: gracefully shutting down
2023/12/21 21:07:04 [notice] 25#25: gracefully shutting down
2023/12/21 21:07:04 [notice] 26#26: gracefully shutting down
2023/12/21 21:07:04 [notice] 27#27: gracefully shutting down
2023/12/21 21:07:04 [notice] 24#24: gracefully shutting down
2023/12/21 21:07:04 [notice] 29#29: gracefully shutting down
2023/12/21 21:07:04 [notice] 30#30: gracefully shutting down
2023/12/21 21:07:04 [notice] 23#23: gracefully shutting down
2023/12/21 21:07:04 [notice] 28#28: gracefully shutting down
2023/12/21 21:07:04 [notice] 21#21: exiting
2023/12/21 21:07:04 [notice] 31#31: exit
2023/12/21 21:07:04 [notice] 20#20: exiting
2023/12/21 21:07:04 [notice] 22#22: exiting
2023/12/21 21:07:04 [notice] 25#25: exiting
2023/12/21 21:07:04 [notice] 26#26: exiting
2023/12/21 21:07:04 [notice] 27#27: exiting
2023/12/21 21:07:04 [notice] 24#24: exiting
2023/12/21 21:07:04 [notice] 29#29: exiting
2023/12/21 21:07:04 [notice] 30#30: exiting
2023/12/21 21:07:04 [notice] 23#23: exiting
2023/12/21 21:07:04 [notice] 28#28: exiting
2023/12/21 21:07:04 [notice] 21#21: exit
2023/12/21 21:07:04 [notice] 20#20: exit
2023/12/21 21:07:04 [notice] 22#22: exit
2023/12/21 21:07:04 [notice] 25#25: exit
2023/12/21 21:07:04 [notice] 26#26: exit
2023/12/21 21:07:04 [notice] 27#27: exit
2023/12/21 21:07:04 [notice] 24#24: exit
2023/12/21 21:07:04 [notice] 29#29: exit
2023/12/21 21:07:04 [notice] 30#30: exit
2023/12/21 21:07:04 [notice] 23#23: exit
2023/12/21 21:07:04 [notice] 28#28: exit
2023/12/21 21:07:04 [notice] 1#1: signal 17 (SIGCHLD) received from 28
2023/12/21 21:07:04 [notice] 1#1: worker process 20 exited with code 0
2023/12/21 21:07:04 [notice] 1#1: worker process 21 exited with code 0
2023/12/21 21:07:04 [notice] 1#1: worker process 22 exited with code 0
2023/12/21 21:07:04 [notice] 1#1: worker process 23 exited with code 0
2023/12/21 21:07:04 [notice] 1#1: worker process 24 exited with code 0
2023/12/21 21:07:04 [notice] 1#1: worker process 25 exited with code 0
2023/12/21 21:07:04 [notice] 1#1: worker process 26 exited with code 0
2023/12/21 21:07:04 [notice] 1#1: worker process 27 exited with code 0
2023/12/21 21:07:04 [notice] 1#1: worker process 28 exited with code 0
2023/12/21 21:07:04 [notice] 1#1: worker process 29 exited with code 0
2023/12/21 21:07:04 [notice] 1#1: worker process 30 exited with code 0
2023/12/21 21:07:04 [notice] 1#1: worker process 31 exited with code 0
2023/12/21 21:07:05 [notice] 1#1: exit
